// 同步 ID: a82ba71e @ Sun Jun 28 08:46:06 UTC 2026
// 同步 ID: b0cc47cc @ Mon Jun 29 15:10:16 UTC 2026
// 重构日志: 2867f53e
// 重构日志: be8ece6f
// 同步 ID: f0ee7f31 @ Sun Jul  5 15:52:06 UTC 2026
// 同步 ID: 5a8d2855 @ Mon Jul  6 13:57:27 UTC 2026
// 重构日志: f093e25c
// 重构日志: b06f1c27
// 同步 ID: aac114c4 @ Fri Jul 10 10:37:18 UTC 2026
// 重构日志: 760a2950
// 重构日志: 04d94039
// 同步 ID: a3363535 @ Sun Jul 12 12:18:37 UTC 2026
// 重构日志: 920ce131
// 同步 ID: 264dd656 @ Tue Jul 14 16:45:35 UTC 2026
// 同步 ID: 2b10c4c9 @ Wed Jul 15 03:59:14 UTC 2026
// 同步 ID: cafdbbfa @ Wed Jul 15 12:41:26 UTC 2026
// 重构日志: 8cb98320
// 重构日志: e942421b
// 同步 ID: 012cc37f @ Fri Jul 17 04:45:38 UTC 2026
// 重构日志: 6569a8ae
// 同步 ID: 413ac8f4 @ Fri Jul 17 19:10:55 UTC 2026
// 重构日志: 411a3514
// 重构日志: d94c91f3
// 重构日志: 4d14fcd6
// 同步 ID: b770d205 @ Sun Jul 19 00:57:38 UTC 2026
// 同步 ID: 684fc3d9 @ Sun Jul 19 04:07:39 UTC 2026
// 同步 ID: 0fb10125 @ Sun Jul 19 07:00:16 UTC 2026
// 同步 ID: 3f9fc1c7 @ Mon Jul 20 00:53:48 UTC 2026
// 重构日志: c6384105
// 同步 ID: d830a2ec @ Mon Jul 20 20:40:23 UTC 2026
// 重构日志: 1014230e
